<?xml version="1.0" encoding="UTF-8"?>
<!-- Generated by org.testng.reporters.JUnitXMLReporter -->
<testsuite ignored="0" hostname="DESKTOP-MUIS24O" failures="0" tests="0" name="Test" time="0.052" errors="0" timestamp="2020-08-25T13:29:45 CEST">
  <testcase classname="io.cucumber.testng.AbstractTestNGCucumberTests" name="@BeforeClass setUpClass" time="0.009">
    <failure type="java.lang.NoClassDefFoundError" message="io/cucumber/core/options/CucumberOptionsAnnotationParser$OptionsProvider">
      <![CDATA[java.lang.NoClassDefFoundError: io/cucumber/core/options/CucumberOptionsAnnotationParser$OptionsProvider
at io.cucumber.testng.AbstractTestNGCucumberTests.setUpClass(AbstractTestNGCucumberTests.java:23)
at java.base/java.util.ArrayList.forEach(ArrayList.java:1507)
Caused by: java.lang.ClassNotFoundException: io.cucumber.core.options.CucumberOptionsAnnotationParser$OptionsProvider
at java.base/jdk.internal.loader.BuiltinClassLoader.loadClass(BuiltinClassLoader.java:602)
at java.base/jdk.internal.loader.ClassLoaders$AppClassLoader.loadClass(ClassLoaders.java:178)
at java.base/java.lang.ClassLoader.loadClass(ClassLoader.java:521)
... 27 more
... Removed 25 stack frames]]>
    </failure>
  </testcase> <!-- @BeforeClass setUpClass -->
</testsuite> <!-- Test -->
