<?xml version="1.0" encoding="UTF-8"?>
<testng-results ignored="0" total="1" passed="1" failed="0" skipped="0">
  <reporter-output>
  </reporter-output>
  <suite started-at="2020-09-03T16:21:07 CEST" name="Default suite" finished-at="2020-09-03T16:21:50 CEST" duration-ms="43221">
    <groups>
      <group name="cucumber">
        <method signature="AbstractTestNGCucumberTests.feature(cucumber.api.testng.CucumberFeatureWrapper)[pri:0, instance:cucumberOptions.FlightReservTestRunner@13e39c73]" name="feature" class="cucumber.api.testng.AbstractTestNGCucumberTests"/>
      </group> <!-- cucumber -->
    </groups>
    <test started-at="2020-09-03T16:21:07 CEST" name="Default test" finished-at="2020-09-03T16:21:50 CEST" duration-ms="43221">
      <class name="cucumberOptions.FlightReservTestRunner">
        <test-method is-config="true" signature="setUpClass()[pri:0, instance:cucumberOptions.FlightReservTestRunner@13e39c73]" started-at="2020-09-03T16:21:07 CEST" name="setUpClass" finished-at="2020-09-03T16:21:07 CEST" duration-ms="244" status="PASS">
          <reporter-output>
          </reporter-output>
        </test-method> <!-- setUpClass -->
        <test-method signature="feature(cucumber.api.testng.CucumberFeatureWrapper)[pri:0, instance:cucumberOptions.FlightReservTestRunner@13e39c73]" started-at="2020-09-03T16:21:07 CEST" name="feature" description="Runs Cucumber Feature" data-provider="features" finished-at="2020-09-03T16:21:50 CEST" duration-ms="42783" status="PASS">
          <params>
            <param index="0">
              <value>
                <![CDATA[flight reservation.]]>
              </value>
            </param>
          </params>
          <reporter-output>
          </reporter-output>
        </test-method> <!-- feature -->
        <test-method is-config="true" signature="tearDownClass()[pri:0, instance:cucumberOptions.FlightReservTestRunner@13e39c73]" started-at="2020-09-03T16:21:50 CEST" name="tearDownClass" finished-at="2020-09-03T16:21:50 CEST" duration-ms="10" status="PASS">
          <reporter-output>
          </reporter-output>
        </test-method> <!-- tearDownClass -->
      </class> <!-- cucumberOptions.FlightReservTestRunner -->
    </test> <!-- Default test -->
  </suite> <!-- Default suite -->
</testng-results>
